Determining if the pthread_create exist failed with the following output:
Change Dir: /home/seth/env/opencv_helpers/build/CMakeFiles/CMakeTmp

Run Build Command:"/usr/bin/make" "cmTC_0c5cd/fast"
/usr/bin/make -f CMakeFiles/cmTC_0c5cd.dir/build.make CMakeFiles/cmTC_0c5cd.dir/build
make[1]: Entering directory '/home/seth/env/opencv_helpers/build/CMakeFiles/CMakeTmp'
Building C object CMakeFiles/cmTC_0c5cd.dir/CheckSymbolExists.c.o
/usr/bin/cc   -fPIC    -o CMakeFiles/cmTC_0c5cd.dir/CheckSymbolExists.c.o   -c /home/seth/env/opencv_helpers/build/CMakeFiles/CMakeTmp/CheckSymbolExists.c
Linking C executable cmTC_0c5cd
/usr/bin/cmake -E cmake_link_script CMakeFiles/cmTC_0c5cd.dir/link.txt --verbose=1
/usr/bin/cc -fPIC     -rdynamic CMakeFiles/cmTC_0c5cd.dir/CheckSymbolExists.c.o  -o cmTC_0c5cd 
CMakeFiles/cmTC_0c5cd.dir/CheckSymbolExists.c.o: In function `main':
CheckSymbolExists.c:(.text+0x1b): undefined reference to `pthread_create'
collect2: error: ld returned 1 exit status
CMakeFiles/cmTC_0c5cd.dir/build.make:97: recipe for target 'cmTC_0c5cd' failed
make[1]: *** [cmTC_0c5cd] Error 1
make[1]: Leaving directory '/home/seth/env/opencv_helpers/build/CMakeFiles/CMakeTmp'
Makefile:126: recipe for target 'cmTC_0c5cd/fast' failed
make: *** [cmTC_0c5cd/fast] Error 2

File /home/seth/env/opencv_helpers/build/CMakeFiles/CMakeTmp/CheckSymbolExists.c:
/* */
#include <pthread.h>

int main(int argc, char** argv)
{
  (void)argv;
#ifndef pthread_create
  return ((int*)(&pthread_create))[argc];
#else
  (void)argc;
  return 0;
#endif
}

Determining if the function pthread_create exists in the pthreads failed with the following output:
Change Dir: /home/seth/env/opencv_helpers/build/CMakeFiles/CMakeTmp

Run Build Command:"/usr/bin/make" "cmTC_82eae/fast"
/usr/bin/make -f CMakeFiles/cmTC_82eae.dir/build.make CMakeFiles/cmTC_82eae.dir/build
make[1]: Entering directory '/home/seth/env/opencv_helpers/build/CMakeFiles/CMakeTmp'
Building C object CMakeFiles/cmTC_82eae.dir/CheckFunctionExists.c.o
/usr/bin/cc   -fPIC -DCHECK_FUNCTION_EXISTS=pthread_create   -o CMakeFiles/cmTC_82eae.dir/CheckFunctionExists.c.o   -c /usr/share/cmake-3.10/Modules/CheckFunctionExists.c
Linking C executable cmTC_82eae
/usr/bin/cmake -E cmake_link_script CMakeFiles/cmTC_82eae.dir/link.txt --verbose=1
/usr/bin/cc -fPIC -DCHECK_FUNCTION_EXISTS=pthread_create    -rdynamic CMakeFiles/cmTC_82eae.dir/CheckFunctionExists.c.o  -o cmTC_82eae -lpthreads 
/usr/bin/ld: cannot find -lpthreads
collect2: error: ld returned 1 exit status
CMakeFiles/cmTC_82eae.dir/build.make:97: recipe for target 'cmTC_82eae' failed
make[1]: *** [cmTC_82eae] Error 1
make[1]: Leaving directory '/home/seth/env/opencv_helpers/build/CMakeFiles/CMakeTmp'
Makefile:126: recipe for target 'cmTC_82eae/fast' failed
make: *** [cmTC_82eae/fast] Error 2


